;  LST file generated by mikroListExporter - v.2.0 
; Date/Time: 10/03/2012 1:07:35 AM
;----------------------------------------------

;Address Opcode 	ASM
0x0000	0xF003EF1D  	GOTO        1594
_ISR:
;BMSToucan.c,111 :: 		void ISR() iv 0x0008
0x0008	0xF016C000  	MOVFF       R0, 22
0x000C	0xF015C001  	MOVFF       R1, 21
;BMSToucan.c,116 :: 		if (INTCON3.INT1IF == 1)
0x0010	0xA0F0      	BTFSS       INTCON3, 0 
0x0012	0xD004      	BRA         L_ISR7
;BMSToucan.c,118 :: 		flag_ovp = 1;
0x0014	0x0E01      	MOVLW       1
0x0016	0x6E2D      	MOVWF       _flag_ovp 
;BMSToucan.c,119 :: 		INTCON3.INT1IF = 0; // reset the interrupt flag to prevent looping
0x0018	0x90F0      	BCF         INTCON3, 0 
;BMSToucan.c,120 :: 		}
0x001A	0xD01D      	BRA         L_ISR8
L_ISR7:
;BMSToucan.c,121 :: 		else if (INTCON.INT0IF == 1)
0x001C	0xA2F2      	BTFSS       INTCON, 1 
0x001E	0xD004      	BRA         L_ISR9
;BMSToucan.c,124 :: 		flag_lvp = 1;
0x0020	0x0E01      	MOVLW       1
0x0022	0x6E2C      	MOVWF       _flag_lvp 
;BMSToucan.c,125 :: 		INTCON.INT0IF = 0; // reset the interrupt flag to prevent looping
0x0024	0x92F2      	BCF         INTCON, 1 
;BMSToucan.c,126 :: 		}
0x0026	0xD017      	BRA         L_ISR10
L_ISR9:
;BMSToucan.c,127 :: 		else if (INTCON.T0IF == 1)
0x0028	0xA4F2      	BTFSS       INTCON, 2 
0x002A	0xD015      	BRA         L_ISR11
;BMSToucan.c,130 :: 		tx_counter++;
0x002C	0x0E01      	MOVLW       1
0x002E	0x242A      	ADDWF       _tx_counter, 0 
0x0030	0x6E00      	MOVWF       R0 
0x0032	0x0E00      	MOVLW       0
0x0034	0x202B      	ADDWFC      _tx_counter+1, 0 
0x0036	0x6E01      	MOVWF       R1 
0x0038	0xF02AC000  	MOVFF       R0, _tx_counter
0x003C	0xF02BC001  	MOVFF       R1, _tx_counter+1
;BMSToucan.c,131 :: 		if(tx_counter > COUNTER_OVERFLOW)
0x0040	0x502B      	MOVF        _tx_counter+1, 0 
0x0042	0x0800      	SUBLW       0
0x0044	0xE102      	BNZ         L__ISR20
0x0046	0x502A      	MOVF        _tx_counter, 0 
0x0048	0x0826      	SUBLW       38
L__ISR20:
0x004A	0xE204      	BC          L_ISR12
;BMSToucan.c,133 :: 		flag_check_bms = 1;
0x004C	0x0E01      	MOVLW       1
0x004E	0x6E29      	MOVWF       _flag_check_bms 
;BMSToucan.c,134 :: 		tx_counter = 0;
0x0050	0x6A2A      	CLRF        _tx_counter 
0x0052	0x6A2B      	CLRF        _tx_counter+1 
;BMSToucan.c,135 :: 		}
L_ISR12:
;BMSToucan.c,136 :: 		INTCON.T0IF = 0; // reset the TMR0 interrupt flag
0x0054	0x94F2      	BCF         INTCON, 2 
;BMSToucan.c,137 :: 		}
L_ISR11:
L_ISR10:
L_ISR8:
;BMSToucan.c,138 :: 		}
L_end_ISR:
L__ISR19:
0x0056	0xF000C016  	MOVFF       22, R0
0x005A	0xF001C015  	MOVFF       21, R1
0x005E	0x0011      	RETFIE      1
; end of _ISR
__Lib_CAN_C_A_CANIDToRegs:
;__Lib_CAN_C_A.c,191 :: 		
;__Lib_CAN_C_A.c,193 :: 		
0x0060	0xF003C055  	MOVFF       FARG___Lib_CAN_C_A_CANIDToRegs_val, R3
;__Lib_CAN_C_A.c,194 :: 		
0x0064	0xF004C056  	MOVFF       FARG___Lib_CAN_C_A_CANIDToRegs_val+1, R4
;__Lib_CAN_C_A.c,195 :: 		
0x0068	0xF005C057  	MOVFF       FARG___Lib_CAN_C_A_CANIDToRegs_val+2, R5
;__Lib_CAN_C_A.c,196 :: 		
0x006C	0xF006C058  	MOVFF       FARG___Lib_CAN_C_A_CANIDToRegs_val+3, R6
;__Lib_CAN_C_A.c,198 :: 		
0x0070	0xA659      	BTFSS       FARG___Lib_CAN_C_A_CANIDToRegs_CAN_CONFIG_FLAGS, 3 
0x0072	0xD02C      	BRA         L___Lib_CAN_C_A_CANIDToRegs0
;__Lib_CAN_C_A.c,200 :: 		
0x0074	0xF002C003  	MOVFF       R3, R2
0x0078	0x3202      	RRCF        R2, 1 
0x007A	0x9E02      	BCF         R2, 7 
0x007C	0x3202      	RRCF        R2, 1 
0x007E	0x9E02      	BCF         R2, 7 
0x0080	0x3202      	RRCF        R2, 1 
0x0082	0x9E02      	BCF         R2, 7 
0x0084	0x0E05      	MOVLW       5
0x0086	0x6E01      	MOVWF       R1 
0x0088	0xF000C004  	MOVFF       R4, R0
0x008C	0x5001      	MOVF        R1, 0 
L___Lib_CAN_C_A_CANIDToRegs55:
0x008E	0xE004      	BZ          L___Lib_CAN_C_A_CANIDToRegs56
0x0090	0x3600      	RLCF        R0, 1 
0x0092	0x9000      	BCF         R0, 0 
0x0094	0x0FFF      	ADDLW       255
0x0096	0xD7FB      	BRA         L___Lib_CAN_C_A_CANIDToRegs55
L___Lib_CAN_C_A_CANIDToRegs56:
0x0098	0xFFE1C053  	MOVFF       FARG___Lib_CAN_C_A_CANIDToRegs_ptr, FSR1
0x009C	0xFFE2C054  	MOVFF       FARG___Lib_CAN_C_A_CANIDToRegs_ptr+1, FSR1H
0x00A0	0x5000      	MOVF        R0, 0 
0x00A2	0x1002      	IORWF       R2, 0 
0x00A4	0x6EE6      	MOVWF       POSTINC1 
;__Lib_CAN_C_A.c,202 :: 		
0x00A6	0x4A53      	INFSNZ      FARG___Lib_CAN_C_A_CANIDToRegs_ptr, 1 
0x00A8	0x2A54      	INCF        FARG___Lib_CAN_C_A_CANIDToRegs_ptr+1, 1 
;__Lib_CAN_C_A.c,203 :: 		
0x00AA	0x0E05      	MOVLW       5
0x00AC	0x6E01      	MOVWF       R1 
0x00AE	0xF000C003  	MOVFF       R3, R0
0x00B2	0x5001      	MOVF        R1, 0 
L___Lib_CAN_C_A_CANIDToRegs57:
0x00B4	0xE004      	BZ          L___Lib_CAN_C_A_CANIDToRegs58
0x00B6	0x3600      	RLCF        R0, 1 
0x00B8	0x9000      	BCF         R0, 0 
0x00BA	0x0FFF      	ADDLW       255
0x00BC	0xD7FB      	BRA         L___Lib_CAN_C_A_CANIDToRegs57
L___Lib_CAN_C_A_CANIDToRegs58:
0x00BE	0xFFE1C053  	MOVFF       FARG___Lib_CAN_C_A_CANIDToRegs_ptr, FSR1
0x00C2	0xFFE2C054  	MOVFF       FARG___Lib_CAN_C_A_CANIDToRegs_ptr+1, FSR1H
0x00C6	0xFFE6C000  	MOVFF       R0, POSTINC1
;__Lib_CAN_C_A.c,204 :: 		
0x00CA	0xD042      	BRA         L___Lib_CAN_C_A_CANIDToRegs1
L___Lib_CAN_C_A_CANIDToRegs0:
;__Lib_CAN_C_A.c,207 :: 		
0x00CC	0x0E05      	MOVLW       5
0x00CE	0x6E00      	MOVWF       R0 
0x00D0	0xF002C005  	MOVFF       R5, R2
0x00D4	0x5000      	MOVF        R0, 0 
L___Lib_CAN_C_A_CANIDToRegs59:
0x00D6	0xE004      	BZ          L___Lib_CAN_C_A_CANIDToRegs60
0x00D8	0x3202      	RRCF        R2, 1 
0x00DA	0x9E02      	BCF         R2, 7 
0x00DC	0x0FFF      	ADDLW       255
0x00DE	0xD7FB      	BRA         L___Lib_CAN_C_A_CANIDToRegs59
L___Lib_CAN_C_A_CANIDToRegs60:
0x00E0	0xF000C006  	MOVFF       R6, R0
0x00E4	0x3600      	RLCF        R0, 1 
0x00E6	0x9000      	BCF         R0, 0 
0x00E8	0x3600      	RLCF        R0, 1 
0x00EA	0x9000      	BCF         R0, 0 
0x00EC	0x3600      	RLCF        R0, 1 
0x00EE	0x9000      	BCF         R0, 0 
0x00F0	0xFFE1C053  	MOVFF       FARG___Lib_CAN_C_A_CANIDToRegs_ptr, FSR1
0x00F4	0xFFE2C054  	MOVFF       FARG___Lib_CAN_C_A_CANIDToRegs_ptr+1, FSR1H
0x00F8	0x5000      	MOVF        R0, 0 
0x00FA	0x1002      	IORWF       R2, 0 
0x00FC	0x6EE6      	MOVWF       POSTINC1 
;__Lib_CAN_C_A.c,209 :: 		
0x00FE	0x4A53      	INFSNZ      FARG___Lib_CAN_C_A_CANIDToRegs_ptr, 1 
0x0100	0x2A54      	INCF        FARG___Lib_CAN_C_A_CANIDToRegs_ptr+1, 1 
;__Lib_CAN_C_A.c,210 :: 		
0x0102	0xF000C005  	MOVFF       R5, R0
0x0106	0x3600      	RLCF        R0, 1 
0x0108	0x9000      	BCF         R0, 0 
0x010A	0x3600      	RLCF        R0, 1 
0x010C	0x9000      	BCF         R0, 0 
0x010E	0x3600      	RLCF        R0, 1 
0x0110	0x9000      	BCF         R0, 0 
0x0112	0x0EE0      	MOVLW       224
0x0114	0x1600      	ANDWF       R0, 1 
0x0116	0x0E08      	MOVLW       8
0x0118	0x1000      	IORWF       R0, 0 
0x011A	0x6E01      	MOVWF       R1 
0x011C	0x0E03      	MOVLW       3
0x011E	0x1405      	ANDWF       R5, 0 
0x0120	0x6E00      	MOVWF       R0 
0x0122	0xFFE1C053  	MOVFF       FARG___Lib_CAN_C_A_CANIDToRegs_ptr, FSR1
0x0126	0xFFE2C054  	MOVFF       FARG___Lib_CAN_C_A_CANIDToRegs_ptr+1, FSR1H
0x012A	0x5000      	MOVF        R0, 0 
0x012C	0x1001      	IORWF       R1, 0 
0x012E	0x6EE6      	MOVWF       POSTINC1 
;__Lib_CAN_C_A.c,214 :: 		
0x0130	0x4A53      	INFSNZ      FARG___Lib_CAN_C_A_CANIDToRegs_ptr, 1 
0x0132	0x2A54      	INCF        FARG___Lib_CAN_C_A_CANIDToRegs_ptr+1, 1 
;__Lib_CAN_C_A.c,216 :: 		
0x0134	0xFFE1C053  	MOVFF       FARG___Lib_CAN_C_A_CANIDToRegs_ptr, FSR1
0x0138	0xFFE2C054  	MOVFF       FARG___Lib_CAN_C_A_CANIDToRegs_ptr+1, FSR1H
0x013C	0xFFE6C004  	MOVFF       R4, POSTINC1
;__Lib_CAN_C_A.c,217 :: 		
0x0140	0x4A53      	INFSNZ      FARG___Lib_CAN_C_A_CANIDToRegs_ptr, 1 
0x0142	0x2A54      	INCF        FARG___Lib_CAN_C_A_CANIDToRegs_ptr+1, 1 
;__Lib_CAN_C_A.c,219 :: 		
0x0144	0xFFE1C053  	MOVFF       FARG___Lib_CAN_C_A_CANIDToRegs_ptr, FSR1
0x0148	0xFFE2C054  	MOVFF       FARG___Lib_CAN_C_A_CANIDToRegs_ptr+1, FSR1H
0x014C	0xFFE6C003  	MOVFF       R3, POSTINC1
;__Lib_CAN_C_A.c,220 :: 		
L___Lib_CAN_C_A_CANIDToRegs1:
;__Lib_CAN_C_A.c,221 :: 		
L_end_CANIDToRegs:
0x0150	0x0012      	RETURN      0
; end of __Lib_CAN_C_A_CANIDToRegs
_CANSetMask:
;__Lib_CAN_C_A.c,379 :: 		
;__Lib_CAN_C_A.c,381 :: 		
0x0152	0x504D      	MOVF        FARG_CANSetMask_CAN_MASK, 0 
0x0154	0x0A00      	XORLW       0
0x0156	0xE110      	BNZ         L_CANSetMask9
;__Lib_CAN_C_A.c,382 :: 		
0x0158	0x0E18      	MOVLW       RXM0SIDH
0x015A	0x6E53      	MOVWF       FARG___Lib_CAN_C_A_CANIDToRegs_ptr 
0x015C	0x0E0F      	MOVLW       hi_addr(RXM0SIDH)
0x015E	0x6E54      	MOVWF       FARG___Lib_CAN_C_A_CANIDToRegs_ptr+1 
0x0160	0xF055C04E  	MOVFF       FARG_CANSetMask_val, FARG___Lib_CAN_C_A_CANIDToRegs_val
0x0164	0xF056C04F  	MOVFF       FARG_CANSetMask_val+1, FARG___Lib_CAN_C_A_CANIDToRegs_val+1
0x0168	0xF057C050  	MOVFF       FARG_CANSetMask_val+2, FARG___Lib_CAN_C_A_CANIDToRegs_val+2
0x016C	0xF058C051  	MOVFF       FARG_CANSetMask_val+3, FARG___Lib_CAN_C_A_CANIDToRegs_val+3
0x0170	0xF059C052  	MOVFF       FARG_CANSetMask_CAN_CONFIG_FLAGS, FARG___Lib_CAN_C_A_CANIDToRegs_CAN_CONFIG_FLAGS
0x0174	0xDF75      	RCALL       __Lib_CAN_C_A_CANIDToRegs
0x0176	0xD00F      	BRA         L_CANSetMask10
L_CANSetMask9:
;__Lib_CAN_C_A.c,385 :: 		
0x0178	0x0E1C      	MOVLW       RXM1SIDH
0x017A	0x6E53      	MOVWF       FARG___Lib_CAN_C_A_CANIDToRegs_ptr 
0x017C	0x0E0F      	MOVLW       hi_addr(RXM1SIDH)
0x017E	0x6E54      	MOVWF       FARG___Lib_CAN_C_A_CANIDToRegs_ptr+1 
0x0180	0xF055C04E  	MOVFF       FARG_CANSetMask_val, FARG___Lib_CAN_C_A_CANIDToRegs_val
0x0184	0xF056C04F  	MOVFF       FARG_CANSetMask_val+1, FARG___Lib_CAN_C_A_CANIDToRegs_val+1
0x0188	0xF057C050  	MOVFF       FARG_CANSetMask_val+2, FARG___Lib_CAN_C_A_CANIDToRegs_val+2
0x018C	0xF058C051  	MOVFF       FARG_CANSetMask_val+3, FARG___Lib_CAN_C_A_CANIDToRegs_val+3
0x0190	0xF059C052  	MOVFF       FARG_CANSetMask_CAN_CONFIG_FLAGS, FARG___Lib_CAN_C_A_CANIDToRegs_CAN_CONFIG_FLAGS
0x0194	0xDF65      	RCALL       __Lib_CAN_C_A_CANIDToRegs
L_CANSetMask10:
;__Lib_CAN_C_A.c,387 :: 		
L_end_CANSetMask:
0x0196	0x0012      	RETURN      0
; end of _CANSetMask
_CANSetOperationMode:
;__Lib_CAN_C_A.c,243 :: 		
;__Lib_CAN_C_A.c,244 :: 		
0x0198	0x524E      	MOVF        FARG_CANSetOperationMode_WAIT, 1 
0x019A	0xE00A      	BZ          L_CANSetOperationMode2
;__Lib_CAN_C_A.c,246 :: 		
0x019C	0xFF6FC04D  	MOVFF       FARG_CANSetOperationMode_mode, CANCON
;__Lib_CAN_C_A.c,248 :: 		
L_CANSetOperationMode3:
0x01A0	0x0EE0      	MOVLW       224
0x01A2	0x146E      	ANDWF       CANSTAT, 0 
0x01A4	0x6E01      	MOVWF       R1 
0x01A6	0x5001      	MOVF        R1, 0 
0x01A8	0x184D      	XORWF       FARG_CANSetOperationMode_mode, 0 
0x01AA	0xE001      	BZ          L_CANSetOperationMode4
0x01AC	0xD7F9      	BRA         L_CANSetOperationMode3
L_CANSetOperationMode4:
;__Lib_CAN_C_A.c,249 :: 		
0x01AE	0xD002      	BRA         L_CANSetOperationMode5
L_CANSetOperationMode2:
;__Lib_CAN_C_A.c,252 :: 		
0x01B0	0xFF6FC04D  	MOVFF       FARG_CANSetOperationMode_mode, CANCON
;__Lib_CAN_C_A.c,253 :: 		
L_CANSetOperationMode5:
;__Lib_CAN_C_A.c,254 :: 		
L_end_CANSetOperationMode:
0x01B4	0x0012      	RETURN      0
; end of _CANSetOperationMode
_CANSetBaudRate:
;__Lib_CAN_C_A.c,334 :: 		
;__Lib_CAN_C_A.c,337 :: 		
0x01B6	0x064D      	DECF        FARG_CANSetBaudRate_SJW, 1 
;__Lib_CAN_C_A.c,338 :: 		
0x01B8	0x064E      	DECF        FARG_CANSetBaudRate_BRP, 1 
;__Lib_CAN_C_A.c,339 :: 		
0x01BA	0x064F      	DECF        FARG_CANSetBaudRate_PHSEG1, 1 
;__Lib_CAN_C_A.c,340 :: 		
0x01BC	0x0650      	DECF        FARG_CANSetBaudRate_PHSEG2, 1 
;__Lib_CAN_C_A.c,341 :: 		
0x01BE	0x0651      	DECF        FARG_CANSetBaudRate_PROPSEG, 1 
;__Lib_CAN_C_A.c,343 :: 		
0x01C0	0x0E06      	MOVLW       6
0x01C2	0x6E00      	MOVWF       R0 
0x01C4	0xFF70C04D  	MOVFF       FARG_CANSetBaudRate_SJW, BRGCON1
0x01C8	0x5000      	MOVF        R0, 0 
L__CANSetBaudRate64:
0x01CA	0xE004      	BZ          L__CANSetBaudRate65
0x01CC	0x3670      	RLCF        BRGCON1, 1 
0x01CE	0x9070      	BCF         BRGCON1, 0 
0x01D0	0x0FFF      	ADDLW       255
0x01D2	0xD7FB      	BRA         L__CANSetBaudRate64
L__CANSetBaudRate65:
;__Lib_CAN_C_A.c,344 :: 		
0x01D4	0x504E      	MOVF        FARG_CANSetBaudRate_BRP, 0 
0x01D6	0x1270      	IORWF       BRGCON1, 1 
;__Lib_CAN_C_A.c,345 :: 		
0x01D8	0xFF71C04F  	MOVFF       FARG_CANSetBaudRate_PHSEG1, BRGCON2
0x01DC	0x3671      	RLCF        BRGCON2, 1 
0x01DE	0x9071      	BCF         BRGCON2, 0 
0x01E0	0x3671      	RLCF        BRGCON2, 1 
0x01E2	0x9071      	BCF         BRGCON2, 0 
0x01E4	0x3671      	RLCF        BRGCON2, 1 
0x01E6	0x9071      	BCF         BRGCON2, 0 
;__Lib_CAN_C_A.c,346 :: 		
0x01E8	0x5051      	MOVF        FARG_CANSetBaudRate_PROPSEG, 0 
0x01EA	0x1271      	IORWF       BRGCON2, 1 
;__Lib_CAN_C_A.c,348 :: 		
0x01EC	0xA452      	BTFSS       FARG_CANSetBaudRate_CAN_CONFIG_FLAGS, 2 
;__Lib_CAN_C_A.c,349 :: 		
0x01EE	0x8C71      	BSF         BRGCON2, 6 
L_CANSetBaudRate6:
;__Lib_CAN_C_A.c,351 :: 		
0x01F0	0xB052      	BTFSC       FARG_CANSetBaudRate_CAN_CONFIG_FLAGS, 0 
;__Lib_CAN_C_A.c,352 :: 		
0x01F2	0x8E71      	BSF         BRGCON2, 7 
L_CANSetBaudRate7:
;__Lib_CAN_C_A.c,355 :: 		
0x01F4	0xFF72C050  	MOVFF       FARG_CANSetBaudRate_PHSEG2, BRGCON3
;__Lib_CAN_C_A.c,356 :: 		
0x01F8	0xB252      	BTFSC       FARG_CANSetBaudRate_CAN_CONFIG_FLAGS, 1 
;__Lib_CAN_C_A.c,357 :: 		
0x01FA	0x8C72      	BSF         BRGCON3, 6 
L_CANSetBaudRate8:
;__Lib_CAN_C_A.c,358 :: 		
L_end_CANSetBaudRate:
0x01FC	0x0012      	RETURN      0
; end of _CANSetBaudRate
_CANSetFilter:
;__Lib_CAN_C_A.c,409 :: 		
;__Lib_CAN_C_A.c,411 :: 		
0x01FE	0xD060      	BRA         L_CANSetFilter11
;__Lib_CAN_C_A.c,412 :: 		
L_CANSetFilter13:
;__Lib_CAN_C_A.c,413 :: 		
0x0200	0x0E00      	MOVLW       RXF0SIDH
0x0202	0x6E53      	MOVWF       FARG___Lib_CAN_C_A_CANIDToRegs_ptr 
0x0204	0x0E0F      	MOVLW       hi_addr(RXF0SIDH)
0x0206	0x6E54      	MOVWF       FARG___Lib_CAN_C_A_CANIDToRegs_ptr+1 
0x0208	0xF055C04E  	MOVFF       FARG_CANSetFilter_val, FARG___Lib_CAN_C_A_CANIDToRegs_val
0x020C	0xF056C04F  	MOVFF       FARG_CANSetFilter_val+1, FARG___Lib_CAN_C_A_CANIDToRegs_val+1
0x0210	0xF057C050  	MOVFF       FARG_CANSetFilter_val+2, FARG___Lib_CAN_C_A_CANIDToRegs_val+2
0x0214	0xF058C051  	MOVFF       FARG_CANSetFilter_val+3, FARG___Lib_CAN_C_A_CANIDToRegs_val+3
0x0218	0xF059C052  	MOVFF       FARG_CANSetFilter_CAN_CONFIG_FLAGS, FARG___Lib_CAN_C_A_CANIDToRegs_CAN_CONFIG_FLAGS
0x021C	0xDF21      	RCALL       __Lib_CAN_C_A_CANIDToRegs
;__Lib_CAN_C_A.c,414 :: 		
0x021E	0xD060      	BRA         L_CANSetFilter12
;__Lib_CAN_C_A.c,415 :: 		
L_CANSetFilter14:
;__Lib_CAN_C_A.c,416 :: 		
0x0220	0x0E04      	MOVLW       RXF1SIDH
0x0222	0x6E53      	MOVWF       FARG___Lib_CAN_C_A_CANIDToRegs_ptr 
0x0224	0x0E0F      	MOVLW       hi_addr(RXF1SIDH)
0x0226	0x6E54      	MOVWF       FARG___Lib_CAN_C_A_CANIDToRegs_ptr+1 
0x0228	0xF055C04E  	MOVFF       FARG_CANSetFilter_val, FARG___Lib_CAN_C_A_CANIDToRegs_val
0x022C	0xF056C04F  	MOVFF       FARG_CANSetFilter_val+1, FARG___Lib_CAN_C_A_CANIDToRegs_val+1
0x0230	0xF057C050  	MOVFF       FARG_CANSetFilter_val+2, FARG___Lib_CAN_C_A_CANIDToRegs_val+2
0x0234	0xF058C051  	MOVFF       FARG_CANSetFilter_val+3, FARG___Lib_CAN_C_A_CANIDToRegs_val+3
0x0238	0xF059C052  	MOVFF       FARG_CANSetFilter_CAN_CONFIG_FLAGS, FARG___Lib_CAN_C_A_CANIDToRegs_CAN_CONFIG_FLAGS
0x023C	0xDF11      	RCALL       __Lib_CAN_C_A_CANIDToRegs
;__Lib_CAN_C_A.c,417 :: 		
0x023E	0xD050      	BRA         L_CANSetFilter12
;__Lib_CAN_C_A.c,418 :: 		
L_CANSetFilter15:
;__Lib_CAN_C_A.c,419 :: 		
0x0240	0x0E08      	MOVLW       RXF2SIDH
0x0242	0x6E53      	MOVWF       FARG___Lib_CAN_C_A_CANIDToRegs_ptr 
0x0244	0x0E0F      	MOVLW       hi_addr(RXF2SIDH)
0x0246	0x6E54      	MOVWF       FARG___Lib_CAN_C_A_CANIDToRegs_ptr+1 
0x0248	0xF055C04E  	MOVFF       FARG_CANSetFilter_val, FARG___Lib_CAN_C_A_CANIDToRegs_val
0x024C	0xF056C04F  	MOVFF       FARG_CANSetFilter_val+1, FARG___Lib_CAN_C_A_CANIDToRegs_val+1
0x0250	0xF057C050  	MOVFF       FARG_CANSetFilter_val+2, FARG___Lib_CAN_C_A_CANIDToRegs_val+2
0x0254	0xF058C051  	MOVFF       FARG_CANSetFilter_val+3, FARG___Lib_CAN_C_A_CANIDToRegs_val+3
0x0258	0xF059C052  	MOVFF       FARG_CANSetFilter_CAN_CONFIG_FLAGS, FARG___Lib_CAN_C_A_CANIDToRegs_CAN_CONFIG_FLAGS
0x025C	0xDF01      	RCALL       __Lib_CAN_C_A_CANIDToRegs
;__Lib_CAN_C_A.c,420 :: 		
0x025E	0xD040      	BRA         L_CANSetFilter12
;__Lib_CAN_C_A.c,421 :: 		
L_CANSetFilter16:
;__Lib_CAN_C_A.c,422 :: 		
0x0260	0x0E0C      	MOVLW       RXF3SIDH
0x0262	0x6E53      	MOVWF       FARG___Lib_CAN_C_A_CANIDToRegs_ptr 
0x0264	0x0E0F      	MOVLW       hi_addr(RXF3SIDH)
0x0266	0x6E54      	MOVWF       FARG___Lib_CAN_C_A_CANIDToRegs_ptr+1 
0x0268	0xF055C04E  	MOVFF       FARG_CANSetFilter_val, FARG___Lib_CAN_C_A_CANIDToRegs_val
0x026C	0xF056C04F  	MOVFF       FARG_CANSetFilter_val+1, FARG___Lib_CAN_C_A_CANIDToRegs_val+1
0x0270	0xF057C050  	MOVFF       FARG_CANSetFilter_val+2, FARG___Lib_CAN_C_A_CANIDToRegs_val+2
0x0274	0xF058C051  	MOVFF       FARG_CANSetFilter_val+3, FARG___Lib_CAN_C_A_CANIDToRegs_val+3
0x0278	0xF059C052  	MOVFF       FARG_CANSetFilter_CAN_CONFIG_FLAGS, FARG___Lib_CAN_C_A_CANIDToRegs_CAN_CONFIG_FLAGS
0x027C	0xDEF1      	RCALL       __Lib_CAN_C_A_CANIDToRegs
;__Lib_CAN_C_A.c,423 :: 		
0x027E	0xD030      	BRA         L_CANSetFilter12
;__Lib_CAN_C_A.c,424 :: 		
L_CANSetFilter17:
;__Lib_CAN_C_A.c,425 :: 		
0x0280	0x0E10      	MOVLW       RXF4SIDH
0x0282	0x6E53      	MOVWF       FARG___Lib_CAN_C_A_CANIDToRegs_ptr 
0x0284	0x0E0F      	MOVLW       hi_addr(RXF4SIDH)
0x0286	0x6E54      	MOVWF       FARG___Lib_CAN_C_A_CANIDToRegs_ptr+1 
0x0288	0xF055C04E  	MOVFF       FARG_CANSetFilter_val, FARG___Lib_CAN_C_A_CANIDToRegs_val
0x028C	0xF056C04F  	MOVFF       FARG_CANSetFilter_val+1, FARG___Lib_CAN_C_A_CANIDToRegs_val+1
0x0290	0xF057C050  	MOVFF       FARG_CANSetFilter_val+2, FARG___Lib_CAN_C_A_CANIDToRegs_val+2
0x0294	0xF058C051  	MOVFF       FARG_CANSetFilter_val+3, FARG___Lib_CAN_C_A_CANIDToRegs_val+3
0x0298	0xF059C052  	MOVFF       FARG_CANSetFilter_CAN_CONFIG_FLAGS, FARG___Lib_CAN_C_A_CANIDToRegs_CAN_CONFIG_FLAGS
0x029C	0xDEE1      	RCALL       __Lib_CAN_C_A_CANIDToRegs
;__Lib_CAN_C_A.c,426 :: 		
0x029E	0xD020      	BRA         L_CANSetFilter12
;__Lib_CAN_C_A.c,427 :: 		
L_CANSetFilter18:
;__Lib_CAN_C_A.c,428 :: 		
0x02A0	0x0E14      	MOVLW       RXF5SIDH
0x02A2	0x6E53      	MOVWF       FARG___Lib_CAN_C_A_CANIDToRegs_ptr 
0x02A4	0x0E0F      	MOVLW       hi_addr(RXF5SIDH)
0x02A6	0x6E54      	MOVWF       FARG___Lib_CAN_C_A_CANIDToRegs_ptr+1 
0x02A8	0xF055C04E  	MOVFF       FARG_CANSetFilter_val, FARG___Lib_CAN_C_A_CANIDToRegs_val
0x02AC	0xF056C04F  	MOVFF       FARG_CANSetFilter_val+1, FARG___Lib_CAN_C_A_CANIDToRegs_val+1
0x02B0	0xF057C050  	MOVFF       FARG_CANSetFilter_val+2, FARG___Lib_CAN_C_A_CANIDToRegs_val+2
0x02B4	0xF058C051  	MOVFF       FARG_CANSetFilter_val+3, FARG___Lib_CAN_C_A_CANIDToRegs_val+3
0x02B8	0xF059C052  	MOVFF       FARG_CANSetFilter_CAN_CONFIG_FLAGS, FARG___Lib_CAN_C_A_CANIDToRegs_CAN_CONFIG_FLAGS
0x02BC	0xDED1      	RCALL       __Lib_CAN_C_A_CANIDToRegs
;__Lib_CAN_C_A.c,429 :: 		
0x02BE	0xD010      	BRA         L_CANSetFilter12
L_CANSetFilter11:
0x02C0	0x504D      	MOVF        FARG_CANSetFilter_CAN_FILTER, 0 
0x02C2	0x0A00      	XORLW       0
0x02C4	0xE09D      	BZ          L_CANSetFilter13
0x02C6	0x504D      	MOVF        FARG_CANSetFilter_CAN_FILTER, 0 
0x02C8	0x0A01      	XORLW       1
0x02CA	0xE0AA      	BZ          L_CANSetFilter14
0x02CC	0x504D      	MOVF        FARG_CANSetFilter_CAN_FILTER, 0 
0x02CE	0x0A02      	XORLW       2
0x02D0	0xE0B7      	BZ          L_CANSetFilter15
0x02D2	0x504D      	MOVF        FARG_CANSetFilter_CAN_FILTER, 0 
0x02D4	0x0A03      	XORLW       3
0x02D6	0xE0C4      	BZ          L_CANSetFilter16
0x02D8	0x504D      	MOVF        FARG_CANSetFilter_CAN_FILTER, 0 
0x02DA	0x0A04      	XORLW       4
0x02DC	0xE0D1      	BZ          L_CANSetFilter17
0x02DE	0xD7E0      	BRA         L_CANSetFilter18
L_CANSetFilter12:
;__Lib_CAN_C_A.c,433 :: 		
L_end_CANSetFilter:
0x02E0	0x0012      	RETURN      0
; end of _CANSetFilter
_CANInitialize:
;__Lib_CAN_C_A.c,769 :: 		
;__Lib_CAN_C_A.c,774 :: 		
0x02E2	0x9493      	BCF         TRISB, 2 
;__Lib_CAN_C_A.c,775 :: 		
0x02E4	0x8693      	BSF         TRISB, 3 
;__Lib_CAN_C_A.c,776 :: 		
0x02E6	0x0E80      	MOVLW       128
0x02E8	0x6E4D      	MOVWF       FARG_CANSetOperationMode_mode 
0x02EA	0x0EFF      	MOVLW       255
0x02EC	0x6E4E      	MOVWF       FARG_CANSetOperationMode_WAIT 
0x02EE	0xDF54      	RCALL       _CANSetOperationMode
;__Lib_CAN_C_A.c,779 :: 		
0x02F0	0xF04DC045  	MOVFF       FARG_CANInitialize_SJW, FARG_CANSetBaudRate_SJW
;__Lib_CAN_C_A.c,780 :: 		
0x02F4	0xF04EC046  	MOVFF       FARG_CANInitialize_BRP, FARG_CANSetBaudRate_BRP
;__Lib_CAN_C_A.c,781 :: 		
0x02F8	0xF04FC047  	MOVFF       FARG_CANInitialize_PHSEG1, FARG_CANSetBaudRate_PHSEG1
;__Lib_CAN_C_A.c,782 :: 		
0x02FC	0xF050C048  	MOVFF       FARG_CANInitialize_PHSEG2, FARG_CANSetBaudRate_PHSEG2
;__Lib_CAN_C_A.c,783 :: 		
0x0300	0xF051C049  	MOVFF       FARG_CANInitialize_PROPSEG, FARG_CANSetBaudRate_PROPSEG
;__Lib_CAN_C_A.c,784 :: 		
0x0304	0xF052C04A  	MOVFF       FARG_CANInitialize_CAN_CONFIG_FLAGS, FARG_CANSetBaudRate_CAN_CONFIG_FLAGS
0x0308	0xDF56      	RCALL       _CANSetBaudRate
;__Lib_CAN_C_A.c,786 :: 		
0x030A	0x0E60      	MOVLW       96
0x030C	0x144A      	ANDWF       FARG_CANInitialize_CAN_CONFIG_FLAGS, 0 
0x030E	0x6E60      	MOVWF       RXB0CON 
;__Lib_CAN_C_A.c,787 :: 		
0x0310	0x0E10      	MOVLW       16
0x0312	0x144A      	ANDWF       FARG_CANInitialize_CAN_CONFIG_FLAGS, 0 
0x0314	0x6E01      	MOVWF       R1 
;__Lib_CAN_C_A.c,788 :: 		
0x0316	0x5001      	MOVF        R1, 0 
0x0318	0x0A10      	XORLW       16
0x031A	0xB4D8      	BTFSC       STATUS, 2 
;__Lib_CAN_C_A.c,789 :: 		
0x031C	0x8460      	BSF         RXB0CON, 2 
L_CANInitialize48:
;__Lib_CAN_C_A.c,791 :: 		
0x031E	0xFF50CF60  	MOVFF       RXB0CON, RXB1CON
;__Lib_CAN_C_A.c,793 :: 		
0x0322	0x6A4D      	CLRF        FARG_CANSetMask_CAN_MASK 
0x0324	0x6A4E      	CLRF        FARG_CANSetMask_val 
0x0326	0x6A4F      	CLRF        FARG_CANSetMask_val+1 
0x0328	0x6A50      	CLRF        FARG_CANSetMask_val+2 
0x032A	0x6A51      	CLRF        FARG_CANSetMask_val+3 
0x032C	0x0EF7      	MOVLW       247
0x032E	0x6E52      	MOVWF       FARG_CANSetMask_CAN_CONFIG_FLAGS 
0x0330	0xDF10      	RCALL       _CANSetMask
;__Lib_CAN_C_A.c,794 :: 		
0x0332	0x0E01      	MOVLW       1
0x0334	0x6E4D      	MOVWF       FARG_CANSetMask_CAN_MASK 
0x0336	0x6A4E      	CLRF        FARG_CANSetMask_val 
0x0338	0x6A4F      	CLRF        FARG_CANSetMask_val+1 
0x033A	0x6A50      	CLRF        FARG_CANSetMask_val+2 
0x033C	0x6A51      	CLRF        FARG_CANSetMask_val+3 
0x033E	0x0EF7      	MOVLW       247
0x0340	0x6E52      	MOVWF       FARG_CANSetMask_CAN_CONFIG_FLAGS 
0x0342	0xDF07      	RCALL       _CANSetMask
;__Lib_CAN_C_A.c,796 :: 		
0x0344	0x0E60      	MOVLW       96
0x0346	0x144A      	ANDWF       FARG_CANInitialize_CAN_CONFIG_FLAGS, 0 
0x0348	0x6E00      	MOVWF       R0 
0x034A	0x0E9F      	MOVLW       159
0x034C	0x1000      	IORWF       R0, 0 
0x034E	0x6E01      	MOVWF       R1 
0x0350	0xD00F      	BRA         L_CANInitialize49
;__Lib_CAN_C_A.c,798 :: 		
L_CANInitialize51:
;__Lib_CAN_C_A.c,799 :: 		
0x0352	0x0EF7      	MOVLW       247
0x0354	0x6E4B      	MOVWF       CANInitialize_FilterConfig1_L0 
;__Lib_CAN_C_A.c,800 :: 		
0x0356	0x0EF7      	MOVLW       247
0x0358	0x6E4C      	MOVWF       CANInitialize_FilterConfig2_L0 
;__Lib_CAN_C_A.c,801 :: 		
0x035A	0xD011      	BRA         L_CANInitialize50
;__Lib_CAN_C_A.c,802 :: 		
L_CANInitialize52:
;__Lib_CAN_C_A.c,803 :: 		
0x035C	0x0EFF      	MOVLW       255
0x035E	0x6E4B      	MOVWF       CANInitialize_FilterConfig1_L0 
;__Lib_CAN_C_A.c,804 :: 		
0x0360	0x0EFF      	MOVLW       255
0x0362	0x6E4C      	MOVWF       CANInitialize_FilterConfig2_L0 
;__Lib_CAN_C_A.c,805 :: 		
0x0364	0xD00C      	BRA         L_CANInitialize50
;__Lib_CAN_C_A.c,806 :: 		
L_CANInitialize53:
;__Lib_CAN_C_A.c,807 :: 		
0x0366	0x0EFF      	MOVLW       255
0x0368	0x6E4B      	MOVWF       CANInitialize_FilterConfig1_L0 
;__Lib_CAN_C_A.c,808 :: 		
0x036A	0x0EF7      	MOVLW       247
0x036C	0x6E4C      	MOVWF       CANInitialize_FilterConfig2_L0 
;__Lib_CAN_C_A.c,809 :: 		
0x036E	0xD007      	BRA         L_CANInitialize50
L_CANInitialize49:
0x0370	0x5001      	MOVF        R1, 0 
0x0372	0x0ADF      	XORLW       223
0x0374	0xE0EE      	BZ          L_CANInitialize51
0x0376	0x5001      	MOVF        R1, 0 
0x0378	0x0ABF      	XORLW       191
0x037A	0xE0F0      	BZ          L_CANInitialize52
0x037C	0xD7F4      	BRA         L_CANInitialize53
L_CANInitialize50:
;__Lib_CAN_C_A.c,812 :: 		
0x037E	0x6A4D      	CLRF        FARG_CANSetFilter_CAN_FILTER 
0x0380	0x6A4E      	CLRF        FARG_CANSetFilter_val 
0x0382	0x6A4F      	CLRF        FARG_CANSetFilter_val+1 
0x0384	0x6A50      	CLRF        FARG_CANSetFilter_val+2 
0x0386	0x6A51      	CLRF        FARG_CANSetFilter_val+3 
0x0388	0xF052C04B  	MOVFF       CANInitialize_FilterConfig1_L0, FARG_CANSetFilter_CAN_CONFIG_FLAGS
0x038C	0xDF38      	RCALL       _CANSetFilter
;__Lib_CAN_C_A.c,813 :: 		
0x038E	0x0E01      	MOVLW       1
0x0390	0x6E4D      	MOVWF       FARG_CANSetFilter_CAN_FILTER 
0x0392	0x6A4E      	CLRF        FARG_CANSetFilter_val 
0x0394	0x6A4F      	CLRF        FARG_CANSetFilter_val+1 
0x0396	0x6A50      	CLRF        FARG_CANSetFilter_val+2 
0x0398	0x6A51      	CLRF        FARG_CANSetFilter_val+3 
0x039A	0xF052C04B  	MOVFF       CANInitialize_FilterConfig1_L0, FARG_CANSetFilter_CAN_CONFIG_FLAGS
0x039E	0xDF2F      	RCALL       _CANSetFilter
;__Lib_CAN_C_A.c,814 :: 		
0x03A0	0x0E02      	MOVLW       2
0x03A2	0x6E4D      	MOVWF       FARG_CANSetFilter_CAN_FILTER 
0x03A4	0x6A4E      	CLRF        FARG_CANSetFilter_val 
0x03A6	0x6A4F      	CLRF        FARG_CANSetFilter_val+1 
0x03A8	0x6A50      	CLRF        FARG_CANSetFilter_val+2 
0x03AA	0x6A51      	CLRF        FARG_CANSetFilter_val+3 
0x03AC	0xF052C04C  	MOVFF       CANInitialize_FilterConfig2_L0, FARG_CANSetFilter_CAN_CONFIG_FLAGS
0x03B0	0xDF26      	RCALL       _CANSetFilter
;__Lib_CAN_C_A.c,815 :: 		
0x03B2	0x0E03      	MOVLW       3
0x03B4	0x6E4D      	MOVWF       FARG_CANSetFilter_CAN_FILTER 
0x03B6	0x6A4E      	CLRF        FARG_CANSetFilter_val 
0x03B8	0x6A4F      	CLRF        FARG_CANSetFilter_val+1 
0x03BA	0x6A50      	CLRF        FARG_CANSetFilter_val+2 
0x03BC	0x6A51      	CLRF        FARG_CANSetFilter_val+3 
0x03BE	0xF052C04C  	MOVFF       CANInitialize_FilterConfig2_L0, FARG_CANSetFilter_CAN_CONFIG_FLAGS
0x03C2	0xDF1D      	RCALL       _CANSetFilter
;__Lib_CAN_C_A.c,816 :: 		
0x03C4	0x0E04      	MOVLW       4
0x03C6	0x6E4D      	MOVWF       FARG_CANSetFilter_CAN_FILTER 
0x03C8	0x6A4E      	CLRF        FARG_CANSetFilter_val 
0x03CA	0x6A4F      	CLRF        FARG_CANSetFilter_val+1 
0x03CC	0x6A50      	CLRF        FARG_CANSetFilter_val+2 
0x03CE	0x6A51      	CLRF        FARG_CANSetFilter_val+3 
0x03D0	0xF052C04C  	MOVFF       CANInitialize_FilterConfig2_L0, FARG_CANSetFilter_CAN_CONFIG_FLAGS
0x03D4	0xDF14      	RCALL       _CANSetFilter
;__Lib_CAN_C_A.c,817 :: 		
0x03D6	0x0E05      	MOVLW       5
0x03D8	0x6E4D      	MOVWF       FARG_CANSetFilter_CAN_FILTER 
0x03DA	0x6A4E      	CLRF        FARG_CANSetFilter_val 
0x03DC	0x6A4F      	CLRF        FARG_CANSetFilter_val+1 
0x03DE	0x6A50      	CLRF        FARG_CANSetFilter_val+2 
0x03E0	0x6A51      	CLRF        FARG_CANSetFilter_val+3 
0x03E2	0xF052C04C  	MOVFF       CANInitialize_FilterConfig2_L0, FARG_CANSetFilter_CAN_CONFIG_FLAGS
0x03E6	0xDF0B      	RCALL       _CANSetFilter
;__Lib_CAN_C_A.c,820 :: 		
0x03E8	0x6A4D      	CLRF        FARG_CANSetOperationMode_mode 
0x03EA	0x0EFF      	MOVLW       255
0x03EC	0x6E4E      	MOVWF       FARG_CANSetOperationMode_WAIT 
0x03EE	0xDED4      	RCALL       _CANSetOperationMode
;__Lib_CAN_C_A.c,821 :: 		
L_end_CANInitialize:
0x03F0	0x0012      	RETURN      0
; end of _CANInitialize
_UART1_Init:
;__Lib_UART_c67.c,15 :: 		
;__Lib_UART_c67.c,18 :: 		
0x03F2	0x0EE0      	MOVLW       _UART1_Write
0x03F4	0x6E17      	MOVWF       _UART_Wr_Ptr 
0x03F6	0x0E04      	MOVLW       hi_addr(_UART1_Write)
0x03F8	0x6E18      	MOVWF       _UART_Wr_Ptr+1 
0x03FA	0x0E36      	MOVLW       FARG_UART1_Write_data_
0x03FC	0x6E19      	MOVWF       _UART_Wr_Ptr+2 
0x03FE	0x0E00      	MOVLW       hi_addr(FARG_UART1_Write_data_)
0x0400	0x6E1A      	MOVWF       _UART_Wr_Ptr+3 
;__Lib_UART_c67.c,19 :: 		
0x0402	0x0EFF      	MOVLW       _UART1_Read
0x0404	0x6E1B      	MOVWF       _UART_Rd_Ptr 
0x0406	0x0EFF      	MOVLW       hi_addr(_UART1_Read)
0x0408	0x6E1C      	MOVWF       _UART_Rd_Ptr+1 
0x040A	0x0E00      	MOVLW       0
0x040C	0x6E1D      	MOVWF       _UART_Rd_Ptr+2 
0x040E	0x0E00      	MOVLW       0
0x0410	0x6E1E      	MOVWF       _UART_Rd_Ptr+3 
;__Lib_UART_c67.c,20 :: 		
0x0412	0x0EFF      	MOVLW       _UART1_Data_Ready
0x0414	0x6E2E      	MOVWF       _UART_Rdy_Ptr 
0x0416	0x0EFF      	MOVLW       hi_addr(_UART1_Data_Ready)
0x0418	0x6E2F      	MOVWF       _UART_Rdy_Ptr+1 
0x041A	0x0E00      	MOVLW       0
0x041C	0x6E30      	MOVWF       _UART_Rdy_Ptr+2 
0x041E	0x0E00      	MOVLW       0
0x0420	0x6E31      	MOVWF       _UART_Rdy_Ptr+3 
;__Lib_UART_c67.c,21 :: 		
0x0422	0x0EFF      	MOVLW       _UART1_Tx_Idle
0x0424	0x6E32      	MOVWF       _UART_Tx_Idle_Ptr 
0x0426	0x0EFF      	MOVLW       hi_addr(_UART1_Tx_Idle)
0x0428	0x6E33      	MOVWF       _UART_Tx_Idle_Ptr+1 
0x042A	0x0E00      	MOVLW       0
0x042C	0x6E34      	MOVWF       _UART_Tx_Idle_Ptr+2 
0x042E	0x0E00      	MOVLW       0
0x0430	0x6E35      	MOVWF       _UART_Tx_Idle_Ptr+3 
;__Lib_UART_c67.c,23 :: 		
0x0432	0x8AAC      	BSF         TXSTA, 5 
;__Lib_UART_c67.c,24 :: 		
0x0434	0x0E90      	MOVLW       144
0x0436	0x6EAB      	MOVWF       RCSTA 
;__Lib_UART_c67.c,25 :: 		
0x0438	0x8E94      	BSF         TRISC7_bit, 7 
;__Lib_UART_c67.c,26 :: 		
0x043A	0x9C94      	BCF         TRISC6_bit, 6 
;__Lib_UART_c67.c,28 :: 		
L_UART1_Init0:
0x043C	0xAA9E      	BTFSS       PIR1, 5 
0x043E	0xD003      	BRA         L_UART1_Init1
;__Lib_UART_c67.c,29 :: 		
0x0440	0xF000CFAE  	MOVFF       RCREG, R0
0x0444	0xD7FB      	BRA         L_UART1_Init0
L_UART1_Init1:
;__Lib_UART_c67.c,30 :: 		
L_end_UART1_Init:
0x0446	0x0012      	RETURN      0
; end of _UART1_Init
_CANbus_setup:
;BMSToucan.c,150 :: 		void CANbus_setup()
;BMSToucan.c,173 :: 		CANInitialize(SJW, BRP, Phase_Seg1, Phase_Seg2, Prop_Seg, init_flag);
0x0448	0x0E01      	MOVLW       1
0x044A	0x6E45      	MOVWF       FARG_CANInitialize_SJW 
0x044C	0x0E01      	MOVLW       1
0x044E	0x6E46      	MOVWF       FARG_CANInitialize_BRP 
0x0450	0x0E06      	MOVLW       6
0x0452	0x6E47      	MOVWF       FARG_CANInitialize_PHSEG1 
0x0454	0x0E07      	MOVLW       7
0x0456	0x6E48      	MOVWF       FARG_CANInitialize_PHSEG2 
0x0458	0x0E06      	MOVLW       6
0x045A	0x6E49      	MOVWF       FARG_CANInitialize_PROPSEG 
0x045C	0x0EB9      	MOVLW       185
0x045E	0x6E4A      	MOVWF       FARG_CANInitialize_CAN_CONFIG_FLAGS 
0x0460	0xDF40      	RCALL       _CANInitialize
;BMSToucan.c,177 :: 		CANSetOperationMode(_CAN_MODE_CONFIG, 0xFF);
0x0462	0x0E80      	MOVLW       128
0x0464	0x6E4D      	MOVWF       FARG_CANSetOperationMode_mode 
0x0466	0x0EFF      	MOVLW       255
0x0468	0x6E4E      	MOVWF       FARG_CANSetOperationMode_WAIT 
0x046A	0xDE96      	RCALL       _CANSetOperationMode
;BMSToucan.c,179 :: 		mask = -1;
0x046C	0x0EFF      	MOVLW       255
0x046E	0x6E41      	MOVWF       CANbus_setup_mask_L0 
0x0470	0x0EFF      	MOVLW       255
0x0472	0x6E42      	MOVWF       CANbus_setup_mask_L0+1 
0x0474	0x6E43      	MOVWF       CANbus_setup_mask_L0+2 
0x0476	0x6E44      	MOVWF       CANbus_setup_mask_L0+3 
;BMSToucan.c,182 :: 		CANSetMask(_CAN_MASK_B1, mask, _CAN_CONFIG_STD_MSG);
0x0478	0x6A4D      	CLRF        FARG_CANSetMask_CAN_MASK 
0x047A	0x0EFF      	MOVLW       255
0x047C	0x6E4E      	MOVWF       FARG_CANSetMask_val 
0x047E	0x0EFF      	MOVLW       255
0x0480	0x6E4F      	MOVWF       FARG_CANSetMask_val+1 
0x0482	0x0EFF      	MOVLW       255
0x0484	0x6E50      	MOVWF       FARG_CANSetMask_val+2 
0x0486	0x0EFF      	MOVLW       255
0x0488	0x6E51      	MOVWF       FARG_CANSetMask_val+3 
0x048A	0x0EFF      	MOVLW       255
0x048C	0x6E52      	MOVWF       FARG_CANSetMask_CAN_CONFIG_FLAGS 
0x048E	0xDE61      	RCALL       _CANSetMask
;BMSToucan.c,185 :: 		CANSetMask(_CAN_MASK_B2, mask, _CAN_CONFIG_STD_MSG);
0x0490	0x0E01      	MOVLW       1
0x0492	0x6E4D      	MOVWF       FARG_CANSetMask_CAN_MASK 
0x0494	0xF04EC041  	MOVFF       CANbus_setup_mask_L0, FARG_CANSetMask_val
0x0498	0xF04FC042  	MOVFF       CANbus_setup_mask_L0+1, FARG_CANSetMask_val+1
0x049C	0xF050C043  	MOVFF       CANbus_setup_mask_L0+2, FARG_CANSetMask_val+2
0x04A0	0xF051C044  	MOVFF       CANbus_setup_mask_L0+3, FARG_CANSetMask_val+3
0x04A4	0x0EFF      	MOVLW       255
0x04A6	0x6E52      	MOVWF       FARG_CANSetMask_CAN_CONFIG_FLAGS 
0x04A8	0xDE54      	RCALL       _CANSetMask
;BMSToucan.c,189 :: 		CANSetFilter(_CAN_FILTER_B1_F1,0x202,_CAN_CONFIG_STD_MSG);
0x04AA	0x6A4D      	CLRF        FARG_CANSetFilter_CAN_FILTER 
0x04AC	0x0E02      	MOVLW       2
0x04AE	0x6E4E      	MOVWF       FARG_CANSetFilter_val 
0x04B0	0x0E02      	MOVLW       2
0x04B2	0x6E4F      	MOVWF       FARG_CANSetFilter_val+1 
0x04B4	0x0E00      	MOVLW       0
0x04B6	0x6E50      	MOVWF       FARG_CANSetFilter_val+2 
0x04B8	0x6E51      	MOVWF       FARG_CANSetFilter_val+3 
0x04BA	0x0EFF      	MOVLW       255
0x04BC	0x6E52      	MOVWF       FARG_CANSetFilter_CAN_CONFIG_FLAGS 
0x04BE	0xDE9F      	RCALL       _CANSetFilter
;BMSToucan.c,191 :: 		CANSetFilter(_CAN_FILTER_B1_F2,0x50,_CAN_CONFIG_STD_MSG);
0x04C0	0x0E01      	MOVLW       1
0x04C2	0x6E4D      	MOVWF       FARG_CANSetFilter_CAN_FILTER 
0x04C4	0x0E50      	MOVLW       80
0x04C6	0x6E4E      	MOVWF       FARG_CANSetFilter_val 
0x04C8	0x0E00      	MOVLW       0
0x04CA	0x6E4F      	MOVWF       FARG_CANSetFilter_val+1 
0x04CC	0x6E50      	MOVWF       FARG_CANSetFilter_val+2 
0x04CE	0x6E51      	MOVWF       FARG_CANSetFilter_val+3 
0x04D0	0x0EFF      	MOVLW       255
0x04D2	0x6E52      	MOVWF       FARG_CANSetFilter_CAN_CONFIG_FLAGS 
0x04D4	0xDE94      	RCALL       _CANSetFilter
;BMSToucan.c,195 :: 		CANSetOperationMode(_CAN_MODE_NORMAL, 0xFF);
0x04D6	0x6A4D      	CLRF        FARG_CANSetOperationMode_mode 
0x04D8	0x0EFF      	MOVLW       255
0x04DA	0x6E4E      	MOVWF       FARG_CANSetOperationMode_WAIT 
0x04DC	0xDE5D      	RCALL       _CANSetOperationMode
;BMSToucan.c,196 :: 		}/* The CANbus is now set up and ready for use  */
L_end_CANbus_setup:
0x04DE	0x0012      	RETURN      0
; end of _CANbus_setup
_UART1_Write:
;__Lib_UART_c67.c,58 :: 		
;__Lib_UART_c67.c,59 :: 		
L_UART1_Write3:
0x04E0	0xB2AC      	BTFSC       TXSTA, 1 
0x04E2	0xD002      	BRA         L_UART1_Write4
;__Lib_UART_c67.c,60 :: 		
0x04E4	0x0000      	NOP
0x04E6	0xD7FC      	BRA         L_UART1_Write3
L_UART1_Write4:
;__Lib_UART_c67.c,61 :: 		
0x04E8	0xFFADC036  	MOVFF       FARG_UART1_Write_data_, TXREG
;__Lib_UART_c67.c,62 :: 		
L_end_UART1_Write:
0x04EC	0x0012      	RETURN      0
; end of _UART1_Write
_setup:
;BMSToucan.c,216 :: 		void setup()
;BMSToucan.c,219 :: 		TRISA = 0; // default PORTA to output
0x04EE	0x6A92      	CLRF        TRISA 
;BMSToucan.c,220 :: 		TRISB = 0; // default PORTB to output
0x04F0	0x6A93      	CLRF        TRISB 
;BMSToucan.c,221 :: 		TRISC = 0; // default PORTC to output
0x04F2	0x6A94      	CLRF        TRISC 
;BMSToucan.c,224 :: 		INTCON.GIE = 1;    // enable global interrupts
0x04F4	0x8EF2      	BSF         INTCON, 7 
;BMSToucan.c,225 :: 		INTCON.PEIE = 1;   // enable peripheral interrupts
0x04F6	0x8CF2      	BSF         INTCON, 6 
;BMSToucan.c,226 :: 		INTCON.TMR0IE = 1; // enable timer 0 interrupts to control
0x04F8	0x8AF2      	BSF         INTCON, 5 
;BMSToucan.c,228 :: 		INTCON2.RBPU = 1;  // disable pull ups on PORTB
0x04FA	0x8EF1      	BSF         INTCON2, 7 
;BMSToucan.c,229 :: 		INTCON2.INTEDG0 = 1; // interrupt INT0 on rising edge
0x04FC	0x8CF1      	BSF         INTCON2, 6 
;BMSToucan.c,230 :: 		INTCON2.INTEDG1 = 1; // interrupt INT1 on rising edge
0x04FE	0x8AF1      	BSF         INTCON2, 5 
;BMSToucan.c,231 :: 		INTCON2.TMR0IP = 1; // TMR0 interrupts are high priority
0x0500	0x84F1      	BSF         INTCON2, 2 
;BMSToucan.c,232 :: 		INTCON3.INT2IE = 0; // disable INT2
0x0502	0x98F0      	BCF         INTCON3, 4 
;BMSToucan.c,233 :: 		INTCON3.INT1IE = 1; // enable INT1
0x0504	0x86F0      	BSF         INTCON3, 3 
;BMSToucan.c,234 :: 		INTCON.INT0IE = 1; // enable INT0
0x0506	0x88F2      	BSF         INTCON, 4 
;BMSToucan.c,237 :: 		RCSTA.SPEN = 1; // enable the serial port
0x0508	0x8EAB      	BSF         RCSTA, 7 
;BMSToucan.c,238 :: 		RCSTA.RX9 = 0; // 8 bit mode
0x050A	0x9CAB      	BCF         RCSTA, 6 
;BMSToucan.c,239 :: 		TXSTA.SYNC = 0; // start in asynchronous mode
0x050C	0x98AC      	BCF         TXSTA, 4 
;BMSToucan.c,240 :: 		TRISC.B7 = 1; // set the RX bit to output
0x050E	0x8E94      	BSF         TRISC, 7 
;BMSToucan.c,243 :: 		TXSTA.BRGH = 1; // High speed serial
0x0510	0x84AC      	BSF         TXSTA, 2 
;BMSToucan.c,244 :: 		SPBRG = 64; // set the baud to 20Mhz / 19200 baud
0x0512	0x0E40      	MOVLW       64
0x0514	0x6EAF      	MOVWF       SPBRG 
;BMSToucan.c,247 :: 		UART1_init(19200);
0x0516	0x0E40      	MOVLW       64
0x0518	0x6EAF      	MOVWF       SPBRG 
0x051A	0x84AC      	BSF         TXSTA, 2, 0
0x051C	0xDF6A      	RCALL       _UART1_Init
;BMSToucan.c,250 :: 		TRISB.B3 = 1; // set CANRX for outputting transmission
0x051E	0x8693      	BSF         TRISB, 3 
;BMSToucan.c,251 :: 		TRISB.B2 = 0; // clear CANTX for inputting signal
0x0520	0x9493      	BCF         TRISB, 2 
;BMSToucan.c,254 :: 		T0CON.TMR0ON = 1; // turn on timer 0
0x0522	0x8ED5      	BSF         T0CON, 7 
;BMSToucan.c,255 :: 		T0CON.T08BIT = 0; // set up as a 16 bit timer
0x0524	0x9CD5      	BCF         T0CON, 6 
;BMSToucan.c,256 :: 		T0CON.T0CS = 0; // use CLK0 as the timing signal
0x0526	0x9AD5      	BCF         T0CON, 5 
;BMSToucan.c,257 :: 		T0CON.PSA = 0; // do not use the prescaler
0x0528	0x96D5      	BCF         T0CON, 3 
;BMSToucan.c,258 :: 		T0CON.T0PS2 = 1; // set the prescaler to 1:256
0x052A	0x84D5      	BSF         T0CON, 2 
;BMSToucan.c,259 :: 		T0CON.T0PS1 = 1; // this gives us an overflow of TMR0 every 0xFFFF * 256
0x052C	0x82D5      	BSF         T0CON, 1 
;BMSToucan.c,260 :: 		T0CON.T0PS0 = 1; // clock cycles (at 20Mhz)
0x052E	0x80D5      	BSF         T0CON, 0 
;BMSToucan.c,263 :: 		CANbus_setup();
0x0530	0xDF8B      	RCALL       _CANbus_setup
;BMSToucan.c,266 :: 		tx_counter = 0; // reset the transmit counter
0x0532	0x6A2A      	CLRF        _tx_counter 
0x0534	0x6A2B      	CLRF        _tx_counter+1 
;BMSToucan.c,267 :: 		flag_ovp = 0; // no ovp problem
0x0536	0x6A2D      	CLRF        _flag_ovp 
;BMSToucan.c,268 :: 		flag_lvp = 0; // no lvp problem
0x0538	0x6A2C      	CLRF        _flag_lvp 
;BMSToucan.c,269 :: 		flag_check_bms = 0; // don't check BMS
0x053A	0x6A29      	CLRF        _flag_check_bms 
;BMSToucan.c,270 :: 		current_cell = 1; // start by querying cell #1
0x053C	0x0E01      	MOVLW       1
0x053E	0x6E27      	MOVWF       _current_cell 
0x0540	0x0E00      	MOVLW       0
0x0542	0x6E28      	MOVWF       _current_cell+1 
;BMSToucan.c,271 :: 		}
L_end_setup:
0x0544	0x0012      	RETURN      0
; end of _setup
_CANWrite:
;__Lib_CAN_C_A.c,532 :: 		
;__Lib_CAN_C_A.c,538 :: 		
0x0546	0x010F      	MOVLB       15
0x0548	0xB740      	BTFSC       TXB0CON, 3, 1
0x054A	0xD004      	BRA         L_CANWrite21
;__Lib_CAN_C_A.c,540 :: 		
0x054C	0x0EF1      	MOVLW       241
0x054E	0x166F      	ANDWF       CANCON, 1 
;__Lib_CAN_C_A.c,541 :: 		
0x0550	0x866F      	BSF         CANCON, 3 
;__Lib_CAN_C_A.c,542 :: 		
0x0552	0xD00F      	BRA         L_CANWrite22
L_CANWrite21:
;__Lib_CAN_C_A.c,544 :: 		
0x0554	0xB730      	BTFSC       TXB1CON, 3, 1
0x0556	0xD005      	BRA         L_CANWrite23
;__Lib_CAN_C_A.c,546 :: 		
0x0558	0x0EF1      	MOVLW       241
0x055A	0x166F      	ANDWF       CANCON, 1 
;__Lib_CAN_C_A.c,547 :: 		
0x055C	0x0E06      	MOVLW       6
0x055E	0x126F      	IORWF       CANCON, 1 
;__Lib_CAN_C_A.c,548 :: 		
0x0560	0xD008      	BRA         L_CANWrite24
L_CANWrite23:
;__Lib_CAN_C_A.c,550 :: 		
0x0562	0xB720      	BTFSC       TXB2CON, 3, 1
0x0564	0xD004      	BRA         L_CANWrite25
;__Lib_CAN_C_A.c,552 :: 		
0x0566	0x0EF1      	MOVLW       241
0x0568	0x166F      	ANDWF       CANCON, 1 
;__Lib_CAN_C_A.c,553 :: 		
0x056A	0x846F      	BSF         CANCON, 2 
;__Lib_CAN_C_A.c,554 :: 		
0x056C	0xD002      	BRA         L_CANWrite26
L_CANWrite25:
;__Lib_CAN_C_A.c,559 :: 		
0x056E	0x6A00      	CLRF        R0 
0x0570	0xD045      	BRA         L_end_CANWrite
;__Lib_CAN_C_A.c,560 :: 		
L_CANWrite26:
;__Lib_CAN_C_A.c,561 :: 		
L_CANWrite24:
;__Lib_CAN_C_A.c,562 :: 		
L_CANWrite22:
;__Lib_CAN_C_A.c,569 :: 		
0x0572	0x0E03      	MOVLW       3
0x0574	0x143D      	ANDWF       FARG_CANWrite_CAN_TX_MSG_FLAGS, 0 
0x0576	0x6E60      	MOVWF       RXB0CON 
;__Lib_CAN_C_A.c,573 :: 		
0x0578	0xB63D      	BTFSC       FARG_CANWrite_CAN_TX_MSG_FLAGS, 3 
0x057A	0xD010      	BRA         L_CANWrite27
;__Lib_CAN_C_A.c,574 :: 		
0x057C	0x0E61      	MOVLW       RXB0SIDH
0x057E	0x6E53      	MOVWF       FARG___Lib_CAN_C_A_CANIDToRegs_ptr 
0x0580	0x0E0F      	MOVLW       hi_addr(RXB0SIDH)
0x0582	0x6E54      	MOVWF       FARG___Lib_CAN_C_A_CANIDToRegs_ptr+1 
0x0584	0xF055C036  	MOVFF       FARG_CANWrite_id, FARG___Lib_CAN_C_A_CANIDToRegs_val
0x0588	0xF056C037  	MOVFF       FARG_CANWrite_id+1, FARG___Lib_CAN_C_A_CANIDToRegs_val+1
0x058C	0xF057C038  	MOVFF       FARG_CANWrite_id+2, FARG___Lib_CAN_C_A_CANIDToRegs_val+2
0x0590	0xF058C039  	MOVFF       FARG_CANWrite_id+3, FARG___Lib_CAN_C_A_CANIDToRegs_val+3
0x0594	0x0EF7      	MOVLW       247
0x0596	0x6E59      	MOVWF       FARG___Lib_CAN_C_A_CANIDToRegs_CAN_CONFIG_FLAGS 
0x0598	0xDD63      	RCALL       __Lib_CAN_C_A_CANIDToRegs
0x059A	0xD00F      	BRA         L_CANWrite28
L_CANWrite27:
;__Lib_CAN_C_A.c,576 :: 		
0x059C	0x0E61      	MOVLW       RXB0SIDH
0x059E	0x6E53      	MOVWF       FARG___Lib_CAN_C_A_CANIDToRegs_ptr 
0x05A0	0x0E0F      	MOVLW       hi_addr(RXB0SIDH)
0x05A2	0x6E54      	MOVWF       FARG___Lib_CAN_C_A_CANIDToRegs_ptr+1 
0x05A4	0xF055C036  	MOVFF       FARG_CANWrite_id, FARG___Lib_CAN_C_A_CANIDToRegs_val
0x05A8	0xF056C037  	MOVFF       FARG_CANWrite_id+1, FARG___Lib_CAN_C_A_CANIDToRegs_val+1
0x05AC	0xF057C038  	MOVFF       FARG_CANWrite_id+2, FARG___Lib_CAN_C_A_CANIDToRegs_val+2
0x05B0	0xF058C039  	MOVFF       FARG_CANWrite_id+3, FARG___Lib_CAN_C_A_CANIDToRegs_val+3
0x05B4	0x0EFF      	MOVLW       255
0x05B6	0x6E59      	MOVWF       FARG___Lib_CAN_C_A_CANIDToRegs_CAN_CONFIG_FLAGS 
0x05B8	0xDD53      	RCALL       __Lib_CAN_C_A_CANIDToRegs
L_CANWrite28:
;__Lib_CAN_C_A.c,578 :: 		
0x05BA	0xFF65C03C  	MOVFF       FARG_CANWrite_DataLen, RXB0DLC
;__Lib_CAN_C_A.c,580 :: 		
0x05BE	0xAC3D      	BTFSS       FARG_CANWrite_CAN_TX_MSG_FLAGS, 6 
;__Lib_CAN_C_A.c,581 :: 		
0x05C0	0x8C65      	BSF         RXB0DLC, 6 
L_CANWrite29:
;__Lib_CAN_C_A.c,585 :: 		
0x05C2	0x0E66      	MOVLW       RXB0D0
0x05C4	0x6E3F      	MOVWF       CANWrite_ptr_L0 
0x05C6	0x0E0F      	MOVLW       hi_addr(RXB0D0)
0x05C8	0x6E40      	MOVWF       CANWrite_ptr_L0+1 
;__Lib_CAN_C_A.c,586 :: 		
0x05CA	0x6A3E      	CLRF        CANWrite_i_L0 
;__Lib_CAN_C_A.c,587 :: 		
L_CANWrite30:
0x05CC	0x503C      	MOVF        FARG_CANWrite_DataLen, 0 
0x05CE	0x5C3E      	SUBWF       CANWrite_i_L0, 0 
0x05D0	0xE210      	BC          L_CANWrite31
;__Lib_CAN_C_A.c,588 :: 		
0x05D2	0x503E      	MOVF        CANWrite_i_L0, 0 
0x05D4	0x243F      	ADDWF       CANWrite_ptr_L0, 0 
0x05D6	0x6EE1      	MOVWF       FSR1 
0x05D8	0x0E00      	MOVLW       0
0x05DA	0x2040      	ADDWFC      CANWrite_ptr_L0+1, 0 
0x05DC	0x6EE2      	MOVWF       FSR1H 
0x05DE	0x503E      	MOVF        CANWrite_i_L0, 0 
0x05E0	0x243A      	ADDWF       FARG_CANWrite_data_, 0 
0x05E2	0x6EE9      	MOVWF       FSR0 
0x05E4	0x0E00      	MOVLW       0
0x05E6	0x203B      	ADDWFC      FARG_CANWrite_data_+1, 0 
0x05E8	0x6EEA      	MOVWF       FSR0H 
0x05EA	0xFFE6CFEE  	MOVFF       POSTINC0, POSTINC1
;__Lib_CAN_C_A.c,589 :: 		
0x05EE	0x2A3E      	INCF        CANWrite_i_L0, 1 
;__Lib_CAN_C_A.c,590 :: 		
0x05F0	0xD7ED      	BRA         L_CANWrite30
L_CANWrite31:
;__Lib_CAN_C_A.c,600 :: 		
0x05F2	0x8660      	BSF         RXB0CON, 3 
;__Lib_CAN_C_A.c,606 :: 		
0x05F4	0x0EF1      	MOVLW       241
0x05F6	0x166F      	ANDWF       CANCON, 1 
;__Lib_CAN_C_A.c,608 :: 		
0x05F8	0x0EFF      	MOVLW       255
0x05FA	0x6E00      	MOVWF       R0 
;__Lib_CAN_C_A.c,609 :: 		
L_end_CANWrite:
0x05FC	0x0012      	RETURN      0
; end of _CANWrite
___CC2DW:
;__Lib_System.c,21 :: 		
;__Lib_System.c,23 :: 		
_CC2DL_Loop1:
;__Lib_System.c,24 :: 		
0x05FE	0x0009      	TBLRD*+
;__Lib_System.c,25 :: 		
0x0600	0xFFE6CFF5  	MOVFF       TABLAT, POSTINC1
;__Lib_System.c,26 :: 		
0x0604	0x0600      	DECF        R0, 1, 0
;__Lib_System.c,27 :: 		
0x0606	0xE1FB      	BNZ         _CC2DL_Loop1
;__Lib_System.c,28 :: 		
0x0608	0x0601      	DECF        R1, 1, 0
;__Lib_System.c,29 :: 		
0x060A	0xE1F9      	BNZ         _CC2DL_Loop1
;__Lib_System.c,31 :: 		
L_end___CC2DW:
0x060C	0x0012      	RETURN      0
; end of ___CC2DW
_reset_candata:
;BMSToucan.c,202 :: 		void reset_candata()
;BMSToucan.c,205 :: 		for (i = 0; i < 8; i++)
0x060E	0x6A01      	CLRF        R1 
0x0610	0x6A02      	CLRF        R2 
L_reset_candata13:
0x0612	0x0E80      	MOVLW       128
0x0614	0x1802      	XORWF       R2, 0 
0x0616	0x6E00      	MOVWF       R0 
0x0618	0x0E80      	MOVLW       128
0x061A	0x5C00      	SUBWF       R0, 0 
0x061C	0xE102      	BNZ         L__reset_candata23
0x061E	0x0E08      	MOVLW       8
0x0620	0x5C01      	SUBWF       R1, 0 
L__reset_candata23:
0x0622	0xE20A      	BC          L_reset_candata14
;BMSToucan.c,207 :: 		CAN_data[i] = 0;
0x0624	0x0E1F      	MOVLW       _CAN_data
0x0626	0x2401      	ADDWF       R1, 0 
0x0628	0x6EE1      	MOVWF       FSR1 
0x062A	0x0E00      	MOVLW       hi_addr(_CAN_data)
0x062C	0x2002      	ADDWFC      R2, 0 
0x062E	0x6EE2      	MOVWF       FSR1H 
0x0630	0x6AE6      	CLRF        POSTINC1 
;BMSToucan.c,205 :: 		for (i = 0; i < 8; i++)
0x0632	0x4A01      	INFSNZ      R1, 1 
0x0634	0x2A02      	INCF        R2, 1 
;BMSToucan.c,208 :: 		}
0x0636	0xD7ED      	BRA         L_reset_candata13
L_reset_candata14:
;BMSToucan.c,209 :: 		}
L_end_reset_candata:
0x0638	0x0012      	RETURN      0
; end of _reset_candata
_main:
;BMSToucan.c,63 :: 		void main() {
;BMSToucan.c,65 :: 		setup();
0x063A	0xDF59      	RCALL       _setup
;BMSToucan.c,68 :: 		for(;;)
L_main0:
;BMSToucan.c,71 :: 		reset_candata();
0x063C	0xDFE8      	RCALL       _reset_candata
;BMSToucan.c,74 :: 		if (flag_ovp) {
0x063E	0x522D      	MOVF        _flag_ovp, 1 
0x0640	0xE002      	BZ          L_main3
;BMSToucan.c,76 :: 		CAN_data[OVP_BIT] = 0x01;
0x0642	0x0E01      	MOVLW       1
0x0644	0x6E25      	MOVWF       _CAN_data+6 
;BMSToucan.c,77 :: 		}
L_main3:
;BMSToucan.c,78 :: 		if (flag_lvp) {
0x0646	0x522C      	MOVF        _flag_lvp, 1 
0x0648	0xE002      	BZ          L_main4
;BMSToucan.c,80 :: 		CAN_data[LVP_BIT] = 0x01;
0x064A	0x0E01      	MOVLW       1
0x064C	0x6E24      	MOVWF       _CAN_data+5 
;BMSToucan.c,81 :: 		}
L_main4:
;BMSToucan.c,82 :: 		if (flag_check_bms) {
0x064E	0x5229      	MOVF        _flag_check_bms, 1 
0x0650	0xE01C      	BZ          L_main5
;BMSToucan.c,84 :: 		current_cell++; // move to the next cell
0x0652	0x4A27      	INFSNZ      _current_cell, 1 
0x0654	0x2A28      	INCF        _current_cell+1, 1 
;BMSToucan.c,85 :: 		if(current_cell > NUMBER_OF_CELLS)
0x0656	0x0E80      	MOVLW       128
0x0658	0x0A00      	XORLW       0
0x065A	0x6E00      	MOVWF       R0 
0x065C	0x0E80      	MOVLW       128
0x065E	0x1828      	XORWF       _current_cell+1, 0 
0x0660	0x5C00      	SUBWF       R0, 0 
0x0662	0xE102      	BNZ         L__main17
0x0664	0x5027      	MOVF        _current_cell, 0 
0x0666	0x0812      	SUBLW       18
L__main17:
0x0668	0xE204      	BC          L_main6
;BMSToucan.c,87 :: 		current_cell = 1; // move back to the first cell
0x066A	0x0E01      	MOVLW       1
0x066C	0x6E27      	MOVWF       _current_cell 
0x066E	0x0E00      	MOVLW       0
0x0670	0x6E28      	MOVWF       _current_cell+1 
;BMSToucan.c,88 :: 		}
L_main6:
;BMSToucan.c,91 :: 		UART1_Write(BMS_QUERY_BIT_1);
0x0672	0x0E81      	MOVLW       129
0x0674	0x6E36      	MOVWF       FARG_UART1_Write_data_ 
0x0676	0xDF34      	RCALL       _UART1_Write
;BMSToucan.c,92 :: 		UART1_Write(BMS_QUERY_BIT_2);
0x0678	0x0EAA      	MOVLW       170
0x067A	0x6E36      	MOVWF       FARG_UART1_Write_data_ 
0x067C	0xDF31      	RCALL       _UART1_Write
;BMSToucan.c,95 :: 		UART1_Write(current_cell);
0x067E	0xF036C027  	MOVFF       _current_cell, FARG_UART1_Write_data_
0x0682	0xDF2E      	RCALL       _UART1_Write
;BMSToucan.c,96 :: 		UART1_Write(current_cell);
0x0684	0xF036C027  	MOVFF       _current_cell, FARG_UART1_Write_data_
0x0688	0xDF2B      	RCALL       _UART1_Write
;BMSToucan.c,98 :: 		}
L_main5:
;BMSToucan.c,101 :: 		CanWrite(CAN_ADDRESS, CAN_data, 1, SEND_FLAG);
0x068A	0x0E88      	MOVLW       136
0x068C	0x6E36      	MOVWF       FARG_CANWrite_id 
0x068E	0x0E00      	MOVLW       0
0x0690	0x6E37      	MOVWF       FARG_CANWrite_id+1 
0x0692	0x0E00      	MOVLW       0
0x0694	0x6E38      	MOVWF       FARG_CANWrite_id+2 
0x0696	0x0E00      	MOVLW       0
0x0698	0x6E39      	MOVWF       FARG_CANWrite_id+3 
0x069A	0x0E1F      	MOVLW       _CAN_data
0x069C	0x6E3A      	MOVWF       FARG_CANWrite_data_ 
0x069E	0x0E00      	MOVLW       hi_addr(_CAN_data)
0x06A0	0x6E3B      	MOVWF       FARG_CANWrite_data_+1 
0x06A2	0x0E01      	MOVLW       1
0x06A4	0x6E3C      	MOVWF       FARG_CANWrite_DataLen 
0x06A6	0x0EFC      	MOVLW       252
0x06A8	0x6E3D      	MOVWF       FARG_CANWrite_CAN_TX_MSG_FLAGS 
0x06AA	0xDF4D      	RCALL       _CANWrite
;BMSToucan.c,102 :: 		}
0x06AC	0xD7C7      	BRA         L_main0
;BMSToucan.c,103 :: 		}
L_end_main:
0x06AE	0xD7FF      	BRA         $+0
; end of _main
Symbol List:
//** Routines locations **
//ADDRESS    SIZE    PROCEDURE
//----------------------------------------------
0x0008      [88]    _ISR
0x0060     [242]    __Lib_CAN_C_A_CANIDToRegs
0x0152      [70]    _CANSetMask
0x0198      [30]    _CANSetOperationMode
0x01B6      [72]    _CANSetBaudRate
0x01FE     [228]    _CANSetFilter
0x02E2     [272]    _CANInitialize
0x03F2      [86]    _UART1_Init
0x0448     [152]    _CANbus_setup
0x04E0      [14]    _UART1_Write
0x04EE      [88]    _setup
0x0546     [184]    _CANWrite
0x05FE      [16]    ___CC2DW
0x060E      [44]    _reset_candata
0x063A     [118]    _main
//** Variables locations ** 
//ADDRESS    SIZE    VARIABLE
//----------------------------------------------
0x0000       [1]    __Lib_SoftI2C_PutZerosToLATScl_temp_scl_L0
0x0000       [1]    FLASH_Erase_64_SaveINTCON_L0
0x0000       [1]    __Lib_SoftI2C_PutZerosToLATSda_temp_sda_L0
0x0000       [1]    UART1_Init_tmp_L0
0x0000       [1]    R0
0x0000       [1]    EEPROM_Write_SaveINTCON_L0
0x0000       [1]    SPI1_Write_tmp_L0
0x0001       [1]    __Lib_TFT_JPEG_FileRead_i_L0
0x0001       [2]    FLASH_Read_N_Bytes_i_L0
0x0001       [1]    __Lib_TFT_16bit_JPEG_FileReadBytes_Result_L0
0x0001       [1]    ispunct_rslt_L0
0x0001       [1]    I2C1_Rd_tmp_L0
0x0001       [1]    FLASH_Erase_Write_64_i_L0
0x0001       [1]    __Lib_TFT_JPEG_FileReadBytes_Result_L0
0x0001       [2]    reset_candata_i_L0
0x0001       [1]    UART1_Read___tmp_UART1_Read_L0
0x0001       [1]    __Lib_PS2_Wait_Falling_nsample_L0
0x0001       [1]    R1
0x0001       [1]    __Lib_TFT_16bit_JPEG_FileRead_i_L0
0x0001       [1]    FLASH_Write_8_i_L0
0x0002       [1]    R2
0x0002       [2]    memchr_s_L0
0x0002       [2]    memcpy_dd_L0
0x0002       [2]    strlen_cp_L0
0x0002       [1]    FLASH_Write_8_SaveINTCON_L0
0x0002       [2]    memset_pp_L0
0x0002       [1]    FLASH_Erase_Write_64_j_L0
0x0003       [1]    R3
0x0003       [2]    MM_TotalFreeMemSize_Tot_L0
0x0003       [1]    FLASH_Erase_Write_64_SaveINTCON_L0
0x0003       [2]    Ltrim_original_L0
0x0003       [2]    memmove_tt_L0
0x0003       [1]    MM_Init_i_L0
0x0003       [1]    __Lib_CAN_C_A_CANIDToRegs_loVal_L0
0x0004       [2]    memcpy_ss_L0
0x0004       [2]    strncpy_cp_L0
0x0004       [2]    strncat_cp_L0
0x0004       [1]    __Lib_CAN_C_A_CANIDToRegs_hiVal_L0
0x0004       [1]    R4
0x0004       [2]    __Lib_MemManager_MM_GetMemAlign_P_L0
0x0004       [2]    __Lib_MmcFat16_f16_toInt_l_L0
0x0004       [2]    strcat_cp_L0
0x0004       [2]    frexp_pom_L0
0x0004       [2]    strcpy_cp_L0
0x0005       [2]    LongIntToHex_input_half_L0
0x0005       [1]    MM_TotalFreeMemSize_i_L0
0x0005       [2]    LongWordToHex_input_half_L0
0x0005       [2]    memmove_ff_L0
0x0005       [2]    Ltrim_p_L0
0x0005       [1]    __Lib_CAN_C_A_CANIDToRegs_hrVal_L0
0x0005       [1]    R5
0x0006       [1]    __Lib_CAN_C_A_CANIDToRegs_hsVal_L0
0x0006       [1]    __Lib_MemManager_MM_GetMemAlign_i_L0
0x0006       [1]    R6
0x0007       [1]    __Lib_TFT_16bit_JPEG_GenerateHuffmanTables_bLength_L0
0x0007       [1]    R7
0x0007       [1]    __Lib_TFT_JPEG_GenerateHuffmanTables_bLength_L0
0x0008       [1]    __Lib_TFT_JPEG_GenerateHuffmanTables_bTable_L0
0x0008       [1]    R8
0x0008       [1]    __Lib_TFT_16bit_JPEG_GenerateHuffmanTables_bTable_L0
0x0009       [1]    R9
0x000A       [1]    R10
0x000B       [1]    R11
0x000C       [4]    __Lib_MmcFat16_f16_toLong_l_L0
0x000C       [1]    R12
0x000D       [1]    R13
0x000E       [1]    R14
0x000F       [1]    R15
0x0010       [1]    R16
0x0011       [1]    R17
0x0012       [1]    R18
0x0013       [1]    R19
0x0014       [1]    R20
0x0017       [4]    _UART_Wr_Ptr
0x001B       [4]    _UART_Rd_Ptr
0x001F       [8]    _CAN_data
0x0027       [2]    _current_cell
0x0029       [1]    _flag_check_bms
0x002A       [2]    _tx_counter
0x002C       [1]    _flag_lvp
0x002D       [1]    _flag_ovp
0x002E       [4]    _UART_Rdy_Ptr
0x0032       [4]    _UART_Tx_Idle_Ptr
0x0036       [1]    FARG_UART1_Write_data_
0x0036       [4]    FARG_CANWrite_id
0x003A       [2]    FARG_CANWrite_data_
0x003C       [1]    FARG_CANWrite_DataLen
0x003D       [1]    FARG_CANWrite_CAN_TX_MSG_FLAGS
0x003E       [1]    CANWrite_i_L0
0x003F       [2]    CANWrite_ptr_L0
0x0041       [4]    CANbus_setup_mask_L0
0x0045       [1]    FARG_CANInitialize_SJW
0x0046       [1]    FARG_CANInitialize_BRP
0x0047       [1]    FARG_CANInitialize_PHSEG1
0x0048       [1]    FARG_CANInitialize_PHSEG2
0x0049       [1]    FARG_CANInitialize_PROPSEG
0x004A       [1]    FARG_CANInitialize_CAN_CONFIG_FLAGS
0x004B       [1]    CANInitialize_FilterConfig1_L0
0x004C       [1]    CANInitialize_FilterConfig2_L0
0x004D       [1]    FARG_CANSetFilter_CAN_FILTER
0x004D       [1]    FARG_CANSetMask_CAN_MASK
0x004D       [1]    FARG_CANSetBaudRate_SJW
0x004D       [1]    FARG_CANSetOperationMode_mode
0x004E       [1]    FARG_CANSetOperationMode_WAIT
0x004E       [4]    FARG_CANSetFilter_val
0x004E       [1]    FARG_CANSetBaudRate_BRP
0x004E       [4]    FARG_CANSetMask_val
0x004F       [1]    FARG_CANSetBaudRate_PHSEG1
0x0050       [1]    FARG_CANSetBaudRate_PHSEG2
0x0051       [1]    FARG_CANSetBaudRate_PROPSEG
0x0052       [1]    FARG_CANSetBaudRate_CAN_CONFIG_FLAGS
0x0052       [1]    FARG_CANSetMask_CAN_CONFIG_FLAGS
0x0052       [1]    FARG_CANSetFilter_CAN_CONFIG_FLAGS
0x0053       [2]    FARG___Lib_CAN_C_A_CANIDToRegs_ptr
0x0055       [4]    FARG___Lib_CAN_C_A_CANIDToRegs_val
0x0059       [1]    FARG___Lib_CAN_C_A_CANIDToRegs_CAN_CONFIG_FLAGS
0x0F00       [1]    RXF0SIDH
0x0F04       [1]    RXF1SIDH
0x0F08       [1]    RXF2SIDH
0x0F0C       [1]    RXF3SIDH
0x0F10       [1]    RXF4SIDH
0x0F14       [1]    RXF5SIDH
0x0F18       [1]    RXM0SIDH
0x0F1C       [1]    RXM1SIDH
0x0F20       [1]    TXB2CON
0x0F30       [1]    TXB1CON
0x0F40       [1]    TXB0CON
0x0F50       [1]    RXB1CON
0x0F60       [1]    RXB0CON
0x0F61       [1]    RXB0SIDH
0x0F65       [1]    RXB0DLC
0x0F66       [1]    RXB0D0
0x0F6E       [1]    CANSTAT
0x0F6F       [1]    CANCON
0x0F70       [1]    BRGCON1
0x0F71       [1]    BRGCON2
0x0F72       [1]    BRGCON3
0x0F92       [1]    TRISA
0x0F93       [1]    TRISB
0x0F94       [1]    TRISC
0x0F94       [0]    TRISC6_bit
0x0F94       [0]    TRISC7_bit
0x0F9E       [1]    PIR1
0x0FAB       [1]    RCSTA
0x0FAC       [1]    TXSTA
0x0FAD       [1]    TXREG
0x0FAE       [1]    RCREG
0x0FAF       [1]    SPBRG
0x0FD5       [1]    T0CON
0x0FD8       [1]    STATUS
0x0FD9       [1]    FSR2L
0x0FDA       [1]    FSR2H
0x0FDE       [1]    POSTINC2
0x0FE0       [1]    BSR
0x0FE1       [1]    FSR1L
0x0FE2       [1]    FSR1H
0x0FE4       [1]    PREINC1
0x0FE6       [1]    POSTINC1
0x0FE7       [1]    INDF1
0x0FE8       [1]    WREG
0x0FE9       [1]    FSR0L
0x0FEA       [1]    FSR0H
0x0FEE       [1]    POSTINC0
0x0FF0       [1]    INTCON3
0x0FF1       [1]    INTCON2
0x0FF2       [1]    INTCON
0x0FF3       [1]    PRODL
0x0FF4       [1]    PRODH
0x0FF5       [1]    TABLAT
0x0FF6       [1]    TBLPTRL
0x0FF7       [1]    TBLPTRH
0x0FF8       [1]    TBLPTRU
//** Label List: ** 
//----------------------------------------------
  L_main0
  L_main1
  L_main2
  L_main3
  L_main4
  L_main5
  L_main6
  L_ISR7
  L_ISR8
  L_ISR9
  L_ISR10
  L_ISR11
  L_ISR12
  L_reset_candata13
  L_reset_candata14
  L_reset_candata15
  L_end_main
  _main
  L__main17
  L_end_ISR
  _ISR
  L__ISR19
  L__ISR20
  L_end_CANbus_setup
  _CANbus_setup
  L_end_reset_candata
  _reset_candata
  L__reset_candata23
  L_end_setup
  _setup
  L___Lib_CAN_C_A_CANIDToRegs0
  L___Lib_CAN_C_A_CANIDToRegs1
  L_CANSetOperationMode2
  L_CANSetOperationMode3
  L_CANSetOperationMode4
  L_CANSetOperationMode5
  L_CANSetBaudRate6
  L_CANSetBaudRate7
  L_CANSetBaudRate8
  L_CANSetMask9
  L_CANSetMask10
  L_CANSetFilter11
  L_CANSetFilter12
  L_CANSetFilter13
  L_CANSetFilter14
  L_CANSetFilter15
  L_CANSetFilter16
  L_CANSetFilter17
  L_CANSetFilter18
  L___Lib_CAN_C_A_RegsToCANID19
  L___Lib_CAN_C_A_RegsToCANID20
  L_CANWrite21
  L_CANWrite22
  L_CANWrite23
  L_CANWrite24
  L_CANWrite25
  L_CANWrite26
  L_CANWrite27
  L_CANWrite28
  L_CANWrite29
  L_CANWrite30
  L_CANWrite31
  L_CANRead32
  L_CANRead33
  L_CANRead34
  L_CANRead35
  L_CANRead36
  L_CANRead37
  L_CANRead38
  L_CANRead39
  L_CANRead40
  L_CANRead41
  L_CANRead42
  L_CANRead43
  L_CANRead44
  L_CANRead45
  L_CANRead46
  L_CANRead47
  L_CANInitialize48
  L_CANInitialize49
  L_CANInitialize50
  L_CANInitialize51
  L_CANInitialize52
  L_CANInitialize53
  L_end_CANIDToRegs
  __Lib_CAN_C_A_CANIDToRegs
  L___Lib_CAN_C_A_CANIDToRegs55
  L___Lib_CAN_C_A_CANIDToRegs56
  L___Lib_CAN_C_A_CANIDToRegs57
  L___Lib_CAN_C_A_CANIDToRegs58
  L___Lib_CAN_C_A_CANIDToRegs59
  L___Lib_CAN_C_A_CANIDToRegs60
  L_end_CANSetOperationMode
  _CANSetOperationMode
  L_end_CANGetOperationMode
  _CANGetOperationMode
  L_end_CANSetBaudRate
  _CANSetBaudRate
  L__CANSetBaudRate64
  L__CANSetBaudRate65
  L_end_CANSetMask
  _CANSetMask
  L_end_CANSetFilter
  _CANSetFilter
  L_end_RegsToCANID
  __Lib_CAN_C_A_RegsToCANID
  L___Lib_CAN_C_A_RegsToCANID69
  L___Lib_CAN_C_A_RegsToCANID70
  L___Lib_CAN_C_A_RegsToCANID71
  L___Lib_CAN_C_A_RegsToCANID72
  L___Lib_CAN_C_A_RegsToCANID73
  L___Lib_CAN_C_A_RegsToCANID74
  L___Lib_CAN_C_A_RegsToCANID75
  L___Lib_CAN_C_A_RegsToCANID76
  L_end_CANWrite
  _CANWrite
  L_end_CANRead
  _CANRead
  L_end_CANInitialize
  _CANInitialize
  _CC2D_Loop1
  _CC2DL_Loop1
  L_loopCA2AWs
  L_loopCCA2AWs
  L_loopCS2Ss
  L_CS2Send
  L_loopCCS2Ss
  L_CCS2Send
  L_loopFZinSWs
  L_longjmp7
  L_end___CC2D
  ___CC2D
  L_end___CC2DW
  ___CC2DW
  L_end___CA2AW
  ___CA2AW
  L_end___CCA2AW
  ___CCA2AW
  L_end___CS2S
  ___CS2S
  L_end___CCS2S
  ___CCS2S
  L_end___FZinS
  ___FZinS
  L_end_____DoIFC
  _____DoIFC
  L_end_Swap
  _Swap
  L_end_setjmp
  _setjmp
  L_end_longjmp
  _longjmp
  L_UART1_Init0
  L_UART1_Init1
  L_UART1_Read2
  L_UART1_Write3
  L_UART1_Write4
  L_UART1_Write_Text5
  L_UART1_Write_Text6
  L_UART1_Read_Text7
  L_UART1_Read_Text8
  L_UART1_Read_Text9
  L_UART1_Read_Text10
  L_UART1_Read_Text11
  L_UART1_Read_Text12
  L_UART1_Read_Text13
  L_UART1_Read_Text14
  L_UART1_Read_Text15
  L_UART_Write_Text16
  L_UART_Write_Text17
  L_UART_Read_Text18
  L_UART_Read_Text19
  L_UART_Read_Text20
  L_UART_Read_Text21
  L_UART_Read_Text22
  L_UART_Read_Text23
  L_UART_Read_Text24
  L_UART_Read_Text25
  L_UART_Read_Text26
  L_end_UART1_Init
  _UART1_Init
  L_end_UART1_Data_Ready
  _UART1_Data_Ready
  L_end_UART1_Read
  _UART1_Read
  L_end_UART1_Tx_Idle
  _UART1_Tx_Idle
  L_end_UART1_Write
  _UART1_Write
  L_end_UART1_Write_Text
  _UART1_Write_Text
  L_end_UART1_Read_Text
  _UART1_Read_Text
  L_end_UART_Set_Active
  _UART_Set_Active
  L_end_UART_Write
  _UART_Write
  L_end_UART_Write_Text
  _UART_Write_Text
  L_end_UART_Read
  _UART_Read
  L_end_UART_Data_Ready
  _UART_Data_Ready
  L_end_UART_Read_Text
  _UART_Read_Text
  L_end_UART_Tx_Idle
  _UART_Tx_Idle
  L_main0
  L_main1
  L_main2
  L_main3
  L_main4
  L_main5
  L_main6
  L_ISR7
  L_ISR8
  L_ISR9
  L_ISR10
  L_ISR11
  L_ISR12
  L_reset_candata13
  L_reset_candata14
  L_reset_candata15
  L_end_main
  _main
  L__main17
  L_end_ISR
  _ISR
  L__ISR19
  L__ISR20
  L_end_CANbus_setup
  _CANbus_setup
  L_end_reset_candata
  _reset_candata
  L__reset_candata23
  L_end_setup
  _setup
