0	1	mikroCPIC1618.exe -MSF -DBG -pP18F258 -GC -DL -O11111115 -fo20 -N"C:\Users\mecharius\Dropbox\Projects\HXN-5 BMStoCAN\Code\BMSToucan.mcppi" -SP"C:\Program Files\mikroC PRO for PIC\defs\" -SP"C:\Program Files\mikroC PRO for PIC\uses\P18\" -SP"C:\Users\mecharius\Dropbox\Projects\HXN-5 BMStoCAN\Code\" -SP"c:\Programs\Mikroelektronika\mikroC PRO for PIC\defs\" -SP"c:\Programs\Mikroelektronika\mikroC PRO for PIC\uses\P18\" -SP"C:\Users\mecharius\Dropbox\Projects\HXN-5 BMStoCAN\" "BMSToucan.c" "__Lib_Math.mcl" "__Lib_MathDouble.mcl" "__Lib_System.mcl" "__Lib_Delays.mcl" "__Lib_Trigonometry.mcl" "__Lib_UART_c67.mcl" "__Lib_CAN_C_A.mcl"	 
warning: 0	1501	Specified search path does not exist: 'c:\Programs\Mikroelektronika\mikroC PRO for PIC\defs'	 
warning: 0	1501	Specified search path does not exist: 'c:\Programs\Mikroelektronika\mikroC PRO for PIC\uses\P18'	 
hint: 0	1139	Available RAM: 1515 [bytes], Available ROM: 32768 [bytes]	 
diagnostics: 0	126	All files Preprocessed in 31 ms	 
diagnostics: 0	122	Compilation Started	BMSToucan.c
hint: 0	1004	interrupt handler (ISR at 0x0008)	BMSToucan.c
hint: 290	1163	Variable 'txt' has been declared, but not used	BMSToucan.c
warning: 388	1509	Generated baud rate is 19231 bps (error = 0.16 percent)	BMSToucan.c
diagnostics: 414	123	Compiled Successfully	BMSToucan.c
hint: 290	1164	Variable 'SJW' has been eliminated by optimizer	BMSToucan.c
hint: 290	1164	Variable 'BRP' has been eliminated by optimizer	BMSToucan.c
hint: 290	1164	Variable 'Phase_Seg1' has been eliminated by optimizer	BMSToucan.c
hint: 290	1164	Variable 'Phase_Seg2' has been eliminated by optimizer	BMSToucan.c
hint: 290	1164	Variable 'Prop_Seg' has been eliminated by optimizer	BMSToucan.c
hint: 291	1164	Variable 'init_flag' has been eliminated by optimizer	BMSToucan.c
diagnostics: 0	127	All files Compiled in 63 ms	 
hint: 0	1144	Used RAM (bytes): 247 (16%)  Free RAM (bytes): 1268 (84%)	Used RAM (bytes): 247 (16%)  Free RAM (bytes): 1268 (84%)
hint: 0	1144	Used ROM (bytes): 3350 (10%)  Free ROM (bytes): 29418 (90%)	Used ROM (bytes): 3350 (10%)  Free ROM (bytes): 29418 (90%)
diagnostics: 0	125	Project Linked Successfully	BMSToucan.mcppi
hint: 0	1004	COFF file successfully generated	COFF file successfully generated
diagnostics: 0	128	Linked in 2496 ms	 
diagnostics: 0	129	Project 'BMSToucan.mcppi' completed: 2621 ms	 
diagnostics: 0	103	Finished successfully: 28 Mar 2012, 23:24:03	BMSToucan.mcppi
